Build started 6/22/2015 6:09:23 PM.
     1>Project "C:\Doom3_SDK\src\D3Game.vcxproj" on node 3 (build target(s)).
     1>InitializeBuildStatus:
         Touching "Game/InlineDebugMemoryDLL\Game.unsuccessfulbuild".
       PreBuildEvent:
         .\TypeInfo\typeinfo.exe
         :VCEnd
         The system cannot find the path specified.
     1>C:\Program Files (x86)\MSBuild\Microsoft.Cpp\v4.0\Microsoft.CppCommon.targets(103,5): error MSB3073: The command ".\TypeInfo\typeinfo.exe
C:\Program Files (x86)\MSBuild\Microsoft.Cpp\v4.0\Microsoft.CppCommon.targets(103,5): error MSB3073: :VCEnd" exited with code 3.
     1>Done Building Project "C:\Doom3_SDK\src\D3Game.vcxproj" (build target(s)) -- FAILED.

Build FAILED.

Time Elapsed 00:00:00.07
